# JRE version: Java(TM) SE Runtime Environment (8.0_201-b09) (build 1.8.0_201-b09)
# Java VM: Java HotSpot(TM) 64-Bit Server VM (25.201-b09 mixed mode windows-amd64 compressed oops)
Heap:
 PSYoungGen      total 220160K, used 76972K [0x00000000d5d80000, 0x00000000e5080000, 0x0000000100000000)
  eden space 204288K, 37% used [0x00000000d5d80000,0x00000000da8ab388,0x00000000e2500000)
  from space 15872K, 0% used [0x00000000e3580000,0x00000000e3580000,0x00000000e4500000)
  to   space 16896K, 0% used [0x00000000e2500000,0x00000000e2500000,0x00000000e3580000)
 ParOldGen       total 138752K, used 27193K [0x0000000081800000, 0x0000000089f80000, 0x00000000d5d80000)
  object space 138752K, 19% used [0x0000000081800000,0x000000008328e750,0x0000000089f80000)
 Metaspace       used 60770K, capacity 64328K, committed 64424K, reserved 1103872K
  class space    used 8455K, capacity 9069K, committed 9136K, reserved 1048576K
GC Heap History (10 events):
Event: 8.058 GC heap before
{Heap before GC invocations=11 (full 2):
 PSYoungGen      total 152576K, used 11258K [0x00000000d5d80000, 0x00000000e2580000, 0x0000000100000000)
  eden space 141312K, 0% used [0x00000000d5d80000,0x00000000d5d80000,0x00000000de780000)
  from space 11264K, 99% used [0x00000000de780000,0x00000000df27e9e8,0x00000000df280000)
  to   space 12800K, 0% used [0x00000000e1900000,0x00000000e1900000,0x00000000e2580000)
 ParOldGen       total 61440K, used 10858K [0x0000000081800000, 0x0000000085400000, 0x00000000d5d80000)
  object space 61440K, 17% used [0x0000000081800000,0x000000008229a920,0x0000000085400000)
 Metaspace       used 33821K, capacity 35456K, committed 35496K, reserved 1079296K
  class space    used 4459K, capacity 4784K, committed 4784K, reserved 1048576K
Event: 8.157 GC heap after
Heap after GC invocations=11 (full 2):
 PSYoungGen      total 152576K, used 0K [0x00000000d5d80000, 0x00000000e2580000, 0x0000000100000000)
  eden space 141312K, 0% used [0x00000000d5d80000,0x00000000d5d80000,0x00000000de780000)
  from space 11264K, 0% used [0x00000000de780000,0x00000000de780000,0x00000000df280000)
  to   space 12800K, 0% used [0x00000000e1900000,0x00000000e1900000,0x00000000e2580000)
 ParOldGen       total 100352K, used 18573K [0x0000000081800000, 0x0000000087a00000, 0x00000000d5d80000)
  object space 100352K, 18% used [0x0000000081800000,0x0000000082a23448,0x0000000087a00000)
 Metaspace       used 33821K, capacity 35456K, committed 35496K, reserved 1079296K
  class space    used 4459K, capacity 4784K, committed 4784K, reserved 1048576K
}
Event: 10.583 GC heap before
{Heap before GC invocations=12 (full 2):
 PSYoungGen      total 152576K, used 141312K [0x00000000d5d80000, 0x00000000e2580000, 0x0000000100000000)
  eden space 141312K, 100% used [0x00000000d5d80000,0x00000000de780000,0x00000000de780000)
  from space 11264K, 0% used [0x00000000de780000,0x00000000de780000,0x00000000df280000)
  to   space 12800K, 0% used [0x00000000e1900000,0x00000000e1900000,0x00000000e2580000)
 ParOldGen       total 100352K, used 18573K [0x0000000081800000, 0x0000000087a00000, 0x00000000d5d80000)
  object space 100352K, 18% used [0x0000000081800000,0x0000000082a23448,0x0000000087a00000)
 Metaspace       used 43910K, capacity 45718K, committed 45992K, reserved 1089536K
  class space    used 5909K, capacity 6263K, committed 6320K, reserved 1048576K
Event: 10.596 GC heap after
Heap after GC invocations=12 (full 2):
 PSYoungGen      total 183808K, used 11285K [0x00000000d5d80000, 0x00000000e2480000, 0x0000000100000000)
  eden space 172032K, 0% used [0x00000000d5d80000,0x00000000d5d80000,0x00000000e0580000)
  from space 11776K, 95% used [0x00000000e1900000,0x00000000e2405788,0x00000000e2480000)
  to   space 13824K, 0% used [0x00000000e0980000,0x00000000e0980000,0x00000000e1700000)
 ParOldGen       total 100352K, used 18589K [0x0000000081800000, 0x0000000087a00000, 0x00000000d5d80000)
  object space 100352K, 18% used [0x0000000081800000,0x0000000082a27448,0x0000000087a00000)
 Metaspace       used 43910K, capacity 45718K, committed 45992K, reserved 1089536K
  class space    used 5909K, capacity 6263K, committed 6320K, reserved 1048576K
}
Event: 13.593 GC heap before
{Heap before GC invocations=13 (full 2):
 PSYoungGen      total 183808K, used 183317K [0x00000000d5d80000, 0x00000000e2480000, 0x0000000100000000)
  eden space 172032K, 100% used [0x00000000d5d80000,0x00000000e0580000,0x00000000e0580000)
  from space 11776K, 95% used [0x00000000e1900000,0x00000000e2405788,0x00000000e2480000)
  to   space 13824K, 0% used [0x00000000e0980000,0x00000000e0980000,0x00000000e1700000)
 ParOldGen       total 100352K, used 18589K [0x0000000081800000, 0x0000000087a00000, 0x00000000d5d80000)
  object space 100352K, 18% used [0x0000000081800000,0x0000000082a27448,0x0000000087a00000)
 Metaspace       used 52612K, capacity 55168K, committed 55464K, reserved 1097728K
  class space    used 7275K, capacity 7742K, committed 7856K, reserved 1048576K
Event: 13.611 GC heap after
Heap after GC invocations=13 (full 2):
 PSYoungGen      total 189952K, used 13819K [0x00000000d5d80000, 0x00000000e4500000, 0x0000000100000000)
  eden space 176128K, 0% used [0x00000000d5d80000,0x00000000d5d80000,0x00000000e0980000)
  from space 13824K, 99% used [0x00000000e0980000,0x00000000e16fec98,0x00000000e1700000)
  to   space 15872K, 0% used [0x00000000e3580000,0x00000000e3580000,0x00000000e4500000)
 ParOldGen       total 100352K, used 19985K [0x0000000081800000, 0x0000000087a00000, 0x00000000d5d80000)
  object space 100352K, 19% used [0x0000000081800000,0x0000000082b84498,0x0000000087a00000)
 Metaspace       used 52612K, capacity 55168K, committed 55464K, reserved 1097728K
  class space    used 7275K, capacity 7742K, committed 7856K, reserved 1048576K
}
Event: 14.469 GC heap before
{Heap before GC invocations=14 (full 2):
 PSYoungGen      total 189952K, used 110305K [0x00000000d5d80000, 0x00000000e4500000, 0x0000000100000000)
  eden space 176128K, 54% used [0x00000000d5d80000,0x00000000dbbb9868,0x00000000e0980000)
  from space 13824K, 99% used [0x00000000e0980000,0x00000000e16fec98,0x00000000e1700000)
  to   space 15872K, 0% used [0x00000000e3580000,0x00000000e3580000,0x00000000e4500000)
 ParOldGen       total 100352K, used 19985K [0x0000000081800000, 0x0000000087a00000, 0x00000000d5d80000)
  object space 100352K, 19% used [0x0000000081800000,0x0000000082b84498,0x0000000087a00000)
 Metaspace       used 56249K, capacity 59052K, committed 59160K, reserved 1099776K
  class space    used 7780K, capacity 8287K, committed 8368K, reserved 1048576K
Event: 14.492 GC heap after
Heap after GC invocations=14 (full 2):
 PSYoungGen      total 220160K, used 13253K [0x00000000d5d80000, 0x00000000e5080000, 0x0000000100000000)
  eden space 204288K, 0% used [0x00000000d5d80000,0x00000000d5d80000,0x00000000e2500000)
  from space 15872K, 83% used [0x00000000e3580000,0x00000000e4271678,0x00000000e4500000)
  to   space 16896K, 0% used [0x00000000e2500000,0x00000000e2500000,0x00000000e3580000)
 ParOldGen       total 100352K, used 19985K [0x0000000081800000, 0x0000000087a00000, 0x00000000d5d80000)
  object space 100352K, 19% used [0x0000000081800000,0x0000000082b84498,0x0000000087a00000)
 Metaspace       used 56249K, capacity 59052K, committed 59160K, reserved 1099776K
  class space    used 7780K, capacity 8287K, committed 8368K, reserved 1048576K
}
Event: 14.492 GC heap before
{Heap before GC invocations=15 (full 3):
 PSYoungGen      total 220160K, used 13253K [0x00000000d5d80000, 0x00000000e5080000, 0x0000000100000000)
  eden space 204288K, 0% used [0x00000000d5d80000,0x00000000d5d80000,0x00000000e2500000)
  from space 15872K, 83% used [0x00000000e3580000,0x00000000e4271678,0x00000000e4500000)
  to   space 16896K, 0% used [0x00000000e2500000,0x00000000e2500000,0x00000000e3580000)
 ParOldGen       total 100352K, used 19985K [0x0000000081800000, 0x0000000087a00000, 0x00000000d5d80000)
  object space 100352K, 19% used [0x0000000081800000,0x0000000082b84498,0x0000000087a00000)
 Metaspace       used 56249K, capacity 59052K, committed 59160K, reserved 1099776K
  class space    used 7780K, capacity 8287K, committed 8368K, reserved 1048576K
Event: 14.701 GC heap after
Heap after GC invocations=15 (full 3):
 PSYoungGen      total 220160K, used 0K [0x00000000d5d80000, 0x00000000e5080000, 0x0000000100000000)
  eden space 204288K, 0% used [0x00000000d5d80000,0x00000000d5d80000,0x00000000e2500000)
  from space 15872K, 0% used [0x00000000e3580000,0x00000000e3580000,0x00000000e4500000)
  to   space 16896K, 0% used [0x00000000e2500000,0x00000000e2500000,0x00000000e3580000)
 ParOldGen       total 138752K, used 27193K [0x0000000081800000, 0x0000000089f80000, 0x00000000d5d80000)
  object space 138752K, 19% used [0x0000000081800000,0x000000008328e750,0x0000000089f80000)
 Metaspace       used 56249K, capacity 59052K, committed 59160K, reserved 1099776K
  class space    used 7780K, capacity 8287K, committed 8368K, reserved 1048576K
}

