# JRE version: Java(TM) SE Runtime Environment (8.0_201-b09) (build 1.8.0_201-b09)
# Java VM: Java HotSpot(TM) 64-Bit Server VM (25.201-b09 mixed mode windows-amd64 compressed oops)
Heap:
 PSYoungGen      total 272896K, used 42053K [0x00000000d5d80000, 0x00000000eac00000, 0x0000000100000000)
  eden space 258560K, 16% used [0x00000000d5d80000,0x00000000d8691460,0x00000000e5a00000)
  from space 14336K, 0% used [0x00000000e5a00000,0x00000000e5a00000,0x00000000e6800000)
  to   space 15872K, 0% used [0x00000000e9c80000,0x00000000e9c80000,0x00000000eac00000)
 ParOldGen       total 119808K, used 32229K [0x0000000081800000, 0x0000000088d00000, 0x00000000d5d80000)
  object space 119808K, 26% used [0x0000000081800000,0x00000000837794d8,0x0000000088d00000)
 Metaspace       used 58056K, capacity 61010K, committed 61056K, reserved 1101824K
  class space    used 8035K, capacity 8548K, committed 8576K, reserved 1048576K
GC Heap History (10 events):
Event: 8.914 GC heap before
{Heap before GC invocations=10 (full 1):
 PSYoungGen      total 199680K, used 49867K [0x00000000d5d80000, 0x00000000e4480000, 0x0000000100000000)
  eden space 189440K, 20% used [0x00000000d5d80000,0x00000000d8434388,0x00000000e1680000)
  from space 10240K, 99% used [0x00000000e2200000,0x00000000e2bfea08,0x00000000e2c00000)
  to   space 11776K, 0% used [0x00000000e1680000,0x00000000e1680000,0x00000000e2200000)
 ParOldGen       total 53760K, used 9364K [0x0000000081800000, 0x0000000084c80000, 0x00000000d5d80000)
  object space 53760K, 17% used [0x0000000081800000,0x0000000082125068,0x0000000084c80000)
 Metaspace       used 33808K, capacity 35424K, committed 35496K, reserved 1079296K
  class space    used 4457K, capacity 4816K, committed 4864K, reserved 1048576K
Event: 8.929 GC heap after
Heap after GC invocations=10 (full 1):
 PSYoungGen      total 201216K, used 10057K [0x00000000d5d80000, 0x00000000e7600000, 0x0000000100000000)
  eden space 189440K, 0% used [0x00000000d5d80000,0x00000000d5d80000,0x00000000e1680000)
  from space 11776K, 85% used [0x00000000e1680000,0x00000000e2052458,0x00000000e2200000)
  to   space 12288K, 0% used [0x00000000e6a00000,0x00000000e6a00000,0x00000000e7600000)
 ParOldGen       total 53760K, used 11439K [0x0000000081800000, 0x0000000084c80000, 0x00000000d5d80000)
  object space 53760K, 21% used [0x0000000081800000,0x000000008232bce8,0x0000000084c80000)
 Metaspace       used 33808K, capacity 35424K, committed 35496K, reserved 1079296K
  class space    used 4457K, capacity 4816K, committed 4864K, reserved 1048576K
}
Event: 8.929 GC heap before
{Heap before GC invocations=11 (full 2):
 PSYoungGen      total 201216K, used 10057K [0x00000000d5d80000, 0x00000000e7600000, 0x0000000100000000)
  eden space 189440K, 0% used [0x00000000d5d80000,0x00000000d5d80000,0x00000000e1680000)
  from space 11776K, 85% used [0x00000000e1680000,0x00000000e2052458,0x00000000e2200000)
  to   space 12288K, 0% used [0x00000000e6a00000,0x00000000e6a00000,0x00000000e7600000)
 ParOldGen       total 53760K, used 11439K [0x0000000081800000, 0x0000000084c80000, 0x00000000d5d80000)
  object space 53760K, 21% used [0x0000000081800000,0x000000008232bce8,0x0000000084c80000)
 Metaspace       used 33808K, capacity 35424K, committed 35496K, reserved 1079296K
  class space    used 4457K, capacity 4816K, committed 4864K, reserved 1048576K
Event: 9.027 GC heap after
Heap after GC invocations=11 (full 2):
 PSYoungGen      total 201216K, used 0K [0x00000000d5d80000, 0x00000000e7600000, 0x0000000100000000)
  eden space 189440K, 0% used [0x00000000d5d80000,0x00000000d5d80000,0x00000000e1680000)
  from space 11776K, 0% used [0x00000000e1680000,0x00000000e1680000,0x00000000e2200000)
  to   space 12288K, 0% used [0x00000000e6a00000,0x00000000e6a00000,0x00000000e7600000)
 ParOldGen       total 81920K, used 18042K [0x0000000081800000, 0x0000000086800000, 0x00000000d5d80000)
  object space 81920K, 22% used [0x0000000081800000,0x000000008299eb38,0x0000000086800000)
 Metaspace       used 33808K, capacity 35424K, committed 35496K, reserved 1079296K
  class space    used 4457K, capacity 4816K, committed 4864K, reserved 1048576K
}
Event: 11.653 GC heap before
{Heap before GC invocations=12 (full 2):
 PSYoungGen      total 201216K, used 189440K [0x00000000d5d80000, 0x00000000e7600000, 0x0000000100000000)
  eden space 189440K, 100% used [0x00000000d5d80000,0x00000000e1680000,0x00000000e1680000)
  from space 11776K, 0% used [0x00000000e1680000,0x00000000e1680000,0x00000000e2200000)
  to   space 12288K, 0% used [0x00000000e6a00000,0x00000000e6a00000,0x00000000e7600000)
 ParOldGen       total 81920K, used 18042K [0x0000000081800000, 0x0000000086800000, 0x00000000d5d80000)
  object space 81920K, 22% used [0x0000000081800000,0x000000008299eb38,0x0000000086800000)
 Metaspace       used 46503K, capacity 48322K, committed 48768K, reserved 1091584K
  class space    used 6332K, capacity 6699K, committed 6784K, reserved 1048576K
Event: 11.671 GC heap after
Heap after GC invocations=12 (full 2):
 PSYoungGen      total 257536K, used 12280K [0x00000000d5d80000, 0x00000000e7600000, 0x0000000100000000)
  eden space 245248K, 0% used [0x00000000d5d80000,0x00000000d5d80000,0x00000000e4d00000)
  from space 12288K, 99% used [0x00000000e6a00000,0x00000000e75fe2e8,0x00000000e7600000)
  to   space 14336K, 0% used [0x00000000e5a00000,0x00000000e5a00000,0x00000000e6800000)
 ParOldGen       total 81920K, used 19992K [0x0000000081800000, 0x0000000086800000, 0x00000000d5d80000)
  object space 81920K, 24% used [0x0000000081800000,0x0000000082b862e8,0x0000000086800000)
 Metaspace       used 46503K, capacity 48322K, committed 48768K, reserved 1091584K
  class space    used 6332K, capacity 6699K, committed 6784K, reserved 1048576K
}
Event: 14.737 GC heap before
{Heap before GC invocations=13 (full 2):
 PSYoungGen      total 257536K, used 235979K [0x00000000d5d80000, 0x00000000e7600000, 0x0000000100000000)
  eden space 245248K, 91% used [0x00000000d5d80000,0x00000000e37f4b38,0x00000000e4d00000)
  from space 12288K, 99% used [0x00000000e6a00000,0x00000000e75fe2e8,0x00000000e7600000)
  to   space 14336K, 0% used [0x00000000e5a00000,0x00000000e5a00000,0x00000000e6800000)
 ParOldGen       total 81920K, used 19992K [0x0000000081800000, 0x0000000086800000, 0x00000000d5d80000)
  object space 81920K, 24% used [0x0000000081800000,0x0000000082b862e8,0x0000000086800000)
 Metaspace       used 56262K, capacity 59106K, committed 59160K, reserved 1099776K
  class space    used 7779K, capacity 8284K, committed 8320K, reserved 1048576K
Event: 14.758 GC heap after
Heap after GC invocations=13 (full 2):
 PSYoungGen      total 272896K, used 14222K [0x00000000d5d80000, 0x00000000eac00000, 0x0000000100000000)
  eden space 258560K, 0% used [0x00000000d5d80000,0x00000000d5d80000,0x00000000e5a00000)
  from space 14336K, 99% used [0x00000000e5a00000,0x00000000e67e3ba0,0x00000000e6800000)
  to   space 15872K, 0% used [0x00000000e9c80000,0x00000000e9c80000,0x00000000eac00000)
 ParOldGen       total 81920K, used 24512K [0x0000000081800000, 0x0000000086800000, 0x00000000d5d80000)
  object space 81920K, 29% used [0x0000000081800000,0x0000000082ff03b8,0x0000000086800000)
 Metaspace       used 56262K, capacity 59106K, committed 59160K, reserved 1099776K
  class space    used 7779K, capacity 8284K, committed 8320K, reserved 1048576K
}
Event: 14.758 GC heap before
{Heap before GC invocations=14 (full 3):
 PSYoungGen      total 272896K, used 14222K [0x00000000d5d80000, 0x00000000eac00000, 0x0000000100000000)
  eden space 258560K, 0% used [0x00000000d5d80000,0x00000000d5d80000,0x00000000e5a00000)
  from space 14336K, 99% used [0x00000000e5a00000,0x00000000e67e3ba0,0x00000000e6800000)
  to   space 15872K, 0% used [0x00000000e9c80000,0x00000000e9c80000,0x00000000eac00000)
 ParOldGen       total 81920K, used 24512K [0x0000000081800000, 0x0000000086800000, 0x00000000d5d80000)
  object space 81920K, 29% used [0x0000000081800000,0x0000000082ff03b8,0x0000000086800000)
 Metaspace       used 56262K, capacity 59106K, committed 59160K, reserved 1099776K
  class space    used 7779K, capacity 8284K, committed 8320K, reserved 1048576K
Event: 15.003 GC heap after
Heap after GC invocations=14 (full 3):
 PSYoungGen      total 272896K, used 0K [0x00000000d5d80000, 0x00000000eac00000, 0x0000000100000000)
  eden space 258560K, 0% used [0x00000000d5d80000,0x00000000d5d80000,0x00000000e5a00000)
  from space 14336K, 0% used [0x00000000e5a00000,0x00000000e5a00000,0x00000000e6800000)
  to   space 15872K, 0% used [0x00000000e9c80000,0x00000000e9c80000,0x00000000eac00000)
 ParOldGen       total 119808K, used 32229K [0x0000000081800000, 0x0000000088d00000, 0x00000000d5d80000)
  object space 119808K, 26% used [0x0000000081800000,0x00000000837794d8,0x0000000088d00000)
 Metaspace       used 56262K, capacity 59106K, committed 59160K, reserved 1099776K
  class space    used 7779K, capacity 8284K, committed 8320K, reserved 1048576K
}

