# JRE version: Java(TM) SE Runtime Environment (8.0_201-b09) (build 1.8.0_201-b09)
# Java VM: Java HotSpot(TM) 64-Bit Server VM (25.201-b09 mixed mode windows-amd64 compressed oops)
Heap:
 PSYoungGen      total 271872K, used 54526K [0x00000000d5d80000, 0x00000000e9700000, 0x0000000100000000)
  eden space 254464K, 21% used [0x00000000d5d80000,0x00000000d92bfbe8,0x00000000e5600000)
  from space 17408K, 0% used [0x00000000e6780000,0x00000000e6780000,0x00000000e7880000)
  to   space 17920K, 0% used [0x00000000e5600000,0x00000000e5600000,0x00000000e6780000)
 ParOldGen       total 128512K, used 26388K [0x0000000081800000, 0x0000000089580000, 0x00000000d5d80000)
  object space 128512K, 20% used [0x0000000081800000,0x00000000831c52d8,0x0000000089580000)
 Metaspace       used 58031K, capacity 60965K, committed 61056K, reserved 1101824K
  class space    used 8031K, capacity 8540K, committed 8576K, reserved 1048576K
GC Heap History (10 events):
Event: 7.410 GC heap before
{Heap before GC invocations=11 (full 2):
 PSYoungGen      total 178688K, used 9270K [0x00000000d5d80000, 0x00000000e5280000, 0x0000000100000000)
  eden space 167424K, 0% used [0x00000000d5d80000,0x00000000d5d80000,0x00000000e0100000)
  from space 11264K, 82% used [0x00000000e0100000,0x00000000e0a0da28,0x00000000e0c00000)
  to   space 11776K, 0% used [0x00000000e4700000,0x00000000e4700000,0x00000000e5280000)
 ParOldGen       total 57856K, used 11786K [0x0000000081800000, 0x0000000085080000, 0x00000000d5d80000)
  object space 57856K, 20% used [0x0000000081800000,0x0000000082382820,0x0000000085080000)
 Metaspace       used 33741K, capacity 35359K, committed 35496K, reserved 1079296K
  class space    used 4439K, capacity 4752K, committed 4864K, reserved 1048576K
Event: 7.510 GC heap after
Heap after GC invocations=11 (full 2):
 PSYoungGen      total 178688K, used 0K [0x00000000d5d80000, 0x00000000e5280000, 0x0000000100000000)
  eden space 167424K, 0% used [0x00000000d5d80000,0x00000000d5d80000,0x00000000e0100000)
  from space 11264K, 0% used [0x00000000e0100000,0x00000000e0100000,0x00000000e0c00000)
  to   space 11776K, 0% used [0x00000000e4700000,0x00000000e4700000,0x00000000e5280000)
 ParOldGen       total 91648K, used 17308K [0x0000000081800000, 0x0000000087180000, 0x00000000d5d80000)
  object space 91648K, 18% used [0x0000000081800000,0x00000000828e7108,0x0000000087180000)
 Metaspace       used 33741K, capacity 35359K, committed 35496K, reserved 1079296K
  class space    used 4439K, capacity 4752K, committed 4864K, reserved 1048576K
}
Event: 9.741 GC heap before
{Heap before GC invocations=12 (full 2):
 PSYoungGen      total 178688K, used 167424K [0x00000000d5d80000, 0x00000000e5280000, 0x0000000100000000)
  eden space 167424K, 100% used [0x00000000d5d80000,0x00000000e0100000,0x00000000e0100000)
  from space 11264K, 0% used [0x00000000e0100000,0x00000000e0100000,0x00000000e0c00000)
  to   space 11776K, 0% used [0x00000000e4700000,0x00000000e4700000,0x00000000e5280000)
 ParOldGen       total 91648K, used 17308K [0x0000000081800000, 0x0000000087180000, 0x00000000d5d80000)
  object space 91648K, 18% used [0x0000000081800000,0x00000000828e7108,0x0000000087180000)
 Metaspace       used 45347K, capacity 47113K, committed 47488K, reserved 1089536K
  class space    used 6058K, capacity 6407K, committed 6528K, reserved 1048576K
Event: 9.756 GC heap after
Heap after GC invocations=12 (full 2):
 PSYoungGen      total 220160K, used 11774K [0x00000000d5d80000, 0x00000000e5280000, 0x0000000100000000)
  eden space 208384K, 0% used [0x00000000d5d80000,0x00000000d5d80000,0x00000000e2900000)
  from space 11776K, 99% used [0x00000000e4700000,0x00000000e527f820,0x00000000e5280000)
  to   space 13824K, 0% used [0x00000000e3780000,0x00000000e3780000,0x00000000e4500000)
 ParOldGen       total 91648K, used 19073K [0x0000000081800000, 0x0000000087180000, 0x00000000d5d80000)
  object space 91648K, 20% used [0x0000000081800000,0x0000000082aa0690,0x0000000087180000)
 Metaspace       used 45347K, capacity 47113K, committed 47488K, reserved 1089536K
  class space    used 6058K, capacity 6407K, committed 6528K, reserved 1048576K
}
Event: 12.743 GC heap before
{Heap before GC invocations=13 (full 2):
 PSYoungGen      total 220160K, used 220158K [0x00000000d5d80000, 0x00000000e5280000, 0x0000000100000000)
  eden space 208384K, 100% used [0x00000000d5d80000,0x00000000e2900000,0x00000000e2900000)
  from space 11776K, 99% used [0x00000000e4700000,0x00000000e527f820,0x00000000e5280000)
  to   space 13824K, 0% used [0x00000000e3780000,0x00000000e3780000,0x00000000e4500000)
 ParOldGen       total 91648K, used 19073K [0x0000000081800000, 0x0000000087180000, 0x00000000d5d80000)
  object space 91648K, 20% used [0x0000000081800000,0x0000000082aa0690,0x0000000087180000)
 Metaspace       used 54667K, capacity 57465K, committed 57600K, reserved 1099776K
  class space    used 7561K, capacity 8068K, committed 8192K, reserved 1048576K
Event: 12.767 GC heap after
Heap after GC invocations=13 (full 2):
 PSYoungGen      total 237056K, used 13803K [0x00000000d5d80000, 0x00000000e7880000, 0x0000000100000000)
  eden space 223232K, 0% used [0x00000000d5d80000,0x00000000d5d80000,0x00000000e3780000)
  from space 13824K, 99% used [0x00000000e3780000,0x00000000e44fadd8,0x00000000e4500000)
  to   space 17408K, 0% used [0x00000000e6780000,0x00000000e6780000,0x00000000e7880000)
 ParOldGen       total 91648K, used 24722K [0x0000000081800000, 0x0000000087180000, 0x00000000d5d80000)
  object space 91648K, 26% used [0x0000000081800000,0x0000000083024bd8,0x0000000087180000)
 Metaspace       used 54667K, capacity 57465K, committed 57600K, reserved 1099776K
  class space    used 7561K, capacity 8068K, committed 8192K, reserved 1048576K
}
Event: 12.986 GC heap before
{Heap before GC invocations=14 (full 2):
 PSYoungGen      total 237056K, used 48261K [0x00000000d5d80000, 0x00000000e7880000, 0x0000000100000000)
  eden space 223232K, 15% used [0x00000000d5d80000,0x00000000d7f26860,0x00000000e3780000)
  from space 13824K, 99% used [0x00000000e3780000,0x00000000e44fadd8,0x00000000e4500000)
  to   space 17408K, 0% used [0x00000000e6780000,0x00000000e6780000,0x00000000e7880000)
 ParOldGen       total 91648K, used 24722K [0x0000000081800000, 0x0000000087180000, 0x00000000d5d80000)
  object space 91648K, 26% used [0x0000000081800000,0x0000000083024bd8,0x0000000087180000)
 Metaspace       used 56256K, capacity 59049K, committed 59160K, reserved 1099776K
  class space    used 7770K, capacity 8272K, committed 8320K, reserved 1048576K
Event: 12.997 GC heap after
Heap after GC invocations=14 (full 2):
 PSYoungGen      total 271872K, used 1856K [0x00000000d5d80000, 0x00000000e9700000, 0x0000000100000000)
  eden space 254464K, 0% used [0x00000000d5d80000,0x00000000d5d80000,0x00000000e5600000)
  from space 17408K, 10% used [0x00000000e6780000,0x00000000e6950378,0x00000000e7880000)
  to   space 17920K, 0% used [0x00000000e5600000,0x00000000e5600000,0x00000000e6780000)
 ParOldGen       total 91648K, used 30602K [0x0000000081800000, 0x0000000087180000, 0x00000000d5d80000)
  object space 91648K, 33% used [0x0000000081800000,0x00000000835e28f0,0x0000000087180000)
 Metaspace       used 56256K, capacity 59049K, committed 59160K, reserved 1099776K
  class space    used 7770K, capacity 8272K, committed 8320K, reserved 1048576K
}
Event: 12.997 GC heap before
{Heap before GC invocations=15 (full 3):
 PSYoungGen      total 271872K, used 1856K [0x00000000d5d80000, 0x00000000e9700000, 0x0000000100000000)
  eden space 254464K, 0% used [0x00000000d5d80000,0x00000000d5d80000,0x00000000e5600000)
  from space 17408K, 10% used [0x00000000e6780000,0x00000000e6950378,0x00000000e7880000)
  to   space 17920K, 0% used [0x00000000e5600000,0x00000000e5600000,0x00000000e6780000)
 ParOldGen       total 91648K, used 30602K [0x0000000081800000, 0x0000000087180000, 0x00000000d5d80000)
  object space 91648K, 33% used [0x0000000081800000,0x00000000835e28f0,0x0000000087180000)
 Metaspace       used 56256K, capacity 59049K, committed 59160K, reserved 1099776K
  class space    used 7770K, capacity 8272K, committed 8320K, reserved 1048576K
Event: 13.254 GC heap after
Heap after GC invocations=15 (full 3):
 PSYoungGen      total 271872K, used 0K [0x00000000d5d80000, 0x00000000e9700000, 0x0000000100000000)
  eden space 254464K, 0% used [0x00000000d5d80000,0x00000000d5d80000,0x00000000e5600000)
  from space 17408K, 0% used [0x00000000e6780000,0x00000000e6780000,0x00000000e7880000)
  to   space 17920K, 0% used [0x00000000e5600000,0x00000000e5600000,0x00000000e6780000)
 ParOldGen       total 128512K, used 26388K [0x0000000081800000, 0x0000000089580000, 0x00000000d5d80000)
  object space 128512K, 20% used [0x0000000081800000,0x00000000831c52d8,0x0000000089580000)
 Metaspace       used 56256K, capacity 59049K, committed 59160K, reserved 1099776K
  class space    used 7770K, capacity 8272K, committed 8320K, reserved 1048576K
}

