# JRE version: Java(TM) SE Runtime Environment (8.0_201-b09) (build 1.8.0_201-b09)
# Java VM: Java HotSpot(TM) 64-Bit Server VM (25.201-b09 mixed mode windows-amd64 compressed oops)
Heap:
 PSYoungGen      total 372224K, used 8281K [0x00000000d5d80000, 0x00000000f5a00000, 0x0000000100000000)
  eden space 354816K, 2% used [0x00000000d5d80000,0x00000000d6596768,0x00000000eb800000)
  from space 17408K, 0% used [0x00000000eb800000,0x00000000eb800000,0x00000000ec900000)
  to   space 17920K, 0% used [0x00000000f4880000,0x00000000f4880000,0x00000000f5a00000)
 ParOldGen       total 98816K, used 30977K [0x0000000081800000, 0x0000000087880000, 0x00000000d5d80000)
  object space 98816K, 31% used [0x0000000081800000,0x0000000083640588,0x0000000087880000)
 Metaspace       used 58098K, capacity 61022K, committed 61256K, reserved 1101824K
  class space    used 8028K, capacity 8538K, committed 8572K, reserved 1048576K
GC Heap History (10 events):
Event: 8.032 GC heap before
{Heap before GC invocations=10 (full 1):
 PSYoungGen      total 251904K, used 221388K [0x00000000d5d80000, 0x00000000e7300000, 0x0000000100000000)
  eden space 243200K, 87% used [0x00000000d5d80000,0x00000000e2d869e0,0x00000000e4b00000)
  from space 8704K, 96% used [0x00000000e6a80000,0x00000000e72ac9c8,0x00000000e7300000)
  to   space 10240K, 0% used [0x00000000e5f00000,0x00000000e5f00000,0x00000000e6900000)
 ParOldGen       total 49664K, used 7002K [0x0000000081800000, 0x0000000084880000, 0x00000000d5d80000)
  object space 49664K, 14% used [0x0000000081800000,0x0000000081ed6858,0x0000000084880000)
 Metaspace       used 34772K, capacity 36416K, committed 36600K, reserved 1081344K
  class space    used 4563K, capacity 4912K, committed 4988K, reserved 1048576K
Event: 8.054 GC heap after
Heap after GC invocations=10 (full 1):
 PSYoungGen      total 273920K, used 10231K [0x00000000d5d80000, 0x00000000ed680000, 0x0000000100000000)
  eden space 263680K, 0% used [0x00000000d5d80000,0x00000000d5d80000,0x00000000e5f00000)
  from space 10240K, 99% used [0x00000000e5f00000,0x00000000e68fdc18,0x00000000e6900000)
  to   space 13824K, 0% used [0x00000000ec900000,0x00000000ec900000,0x00000000ed680000)
 ParOldGen       total 49664K, used 13497K [0x0000000081800000, 0x0000000084880000, 0x00000000d5d80000)
  object space 49664K, 27% used [0x0000000081800000,0x000000008252e408,0x0000000084880000)
 Metaspace       used 34772K, capacity 36416K, committed 36600K, reserved 1081344K
  class space    used 4563K, capacity 4912K, committed 4988K, reserved 1048576K
}
Event: 8.054 GC heap before
{Heap before GC invocations=11 (full 2):
 PSYoungGen      total 273920K, used 10231K [0x00000000d5d80000, 0x00000000ed680000, 0x0000000100000000)
  eden space 263680K, 0% used [0x00000000d5d80000,0x00000000d5d80000,0x00000000e5f00000)
  from space 10240K, 99% used [0x00000000e5f00000,0x00000000e68fdc18,0x00000000e6900000)
  to   space 13824K, 0% used [0x00000000ec900000,0x00000000ec900000,0x00000000ed680000)
 ParOldGen       total 49664K, used 13497K [0x0000000081800000, 0x0000000084880000, 0x00000000d5d80000)
  object space 49664K, 27% used [0x0000000081800000,0x000000008252e408,0x0000000084880000)
 Metaspace       used 34772K, capacity 36416K, committed 36600K, reserved 1081344K
  class space    used 4563K, capacity 4912K, committed 4988K, reserved 1048576K
Event: 8.150 GC heap after
Heap after GC invocations=11 (full 2):
 PSYoungGen      total 273920K, used 0K [0x00000000d5d80000, 0x00000000ed680000, 0x0000000100000000)
  eden space 263680K, 0% used [0x00000000d5d80000,0x00000000d5d80000,0x00000000e5f00000)
  from space 10240K, 0% used [0x00000000e5f00000,0x00000000e5f00000,0x00000000e6900000)
  to   space 13824K, 0% used [0x00000000ec900000,0x00000000ec900000,0x00000000ed680000)
 ParOldGen       total 77824K, used 22663K [0x0000000081800000, 0x0000000086400000, 0x00000000d5d80000)
  object space 77824K, 29% used [0x0000000081800000,0x0000000082e21ed8,0x0000000086400000)
 Metaspace       used 34772K, capacity 36416K, committed 36600K, reserved 1081344K
  class space    used 4563K, capacity 4912K, committed 4988K, reserved 1048576K
}
Event: 12.417 GC heap before
{Heap before GC invocations=12 (full 2):
 PSYoungGen      total 273920K, used 263680K [0x00000000d5d80000, 0x00000000ed680000, 0x0000000100000000)
  eden space 263680K, 100% used [0x00000000d5d80000,0x00000000e5f00000,0x00000000e5f00000)
  from space 10240K, 0% used [0x00000000e5f00000,0x00000000e5f00000,0x00000000e6900000)
  to   space 13824K, 0% used [0x00000000ec900000,0x00000000ec900000,0x00000000ed680000)
 ParOldGen       total 77824K, used 22663K [0x0000000081800000, 0x0000000086400000, 0x00000000d5d80000)
  object space 77824K, 29% used [0x0000000081800000,0x0000000082e21ed8,0x0000000086400000)
 Metaspace       used 50163K, capacity 52106K, committed 52348K, reserved 1093632K
  class space    used 6867K, capacity 7267K, committed 7292K, reserved 1048576K
Event: 12.440 GC heap after
Heap after GC invocations=12 (full 2):
 PSYoungGen      total 368640K, used 13796K [0x00000000d5d80000, 0x00000000ee880000, 0x0000000100000000)
  eden space 354816K, 0% used [0x00000000d5d80000,0x00000000d5d80000,0x00000000eb800000)
  from space 13824K, 99% used [0x00000000ec900000,0x00000000ed6791f8,0x00000000ed680000)
  to   space 17408K, 0% used [0x00000000eb800000,0x00000000eb800000,0x00000000ec900000)
 ParOldGen       total 77824K, used 26922K [0x0000000081800000, 0x0000000086400000, 0x00000000d5d80000)
  object space 77824K, 34% used [0x0000000081800000,0x000000008324ab68,0x0000000086400000)
 Metaspace       used 50163K, capacity 52106K, committed 52348K, reserved 1093632K
  class space    used 6867K, capacity 7267K, committed 7292K, reserved 1048576K
}
Event: 17.574 GC heap before
{Heap before GC invocations=13 (full 2):
 PSYoungGen      total 368640K, used 221571K [0x00000000d5d80000, 0x00000000ee880000, 0x0000000100000000)
  eden space 354816K, 58% used [0x00000000d5d80000,0x00000000e2867a40,0x00000000eb800000)
  from space 13824K, 99% used [0x00000000ec900000,0x00000000ed6791f8,0x00000000ed680000)
  to   space 17408K, 0% used [0x00000000eb800000,0x00000000eb800000,0x00000000ec900000)
 ParOldGen       total 77824K, used 26922K [0x0000000081800000, 0x0000000086400000, 0x00000000d5d80000)
  object space 77824K, 34% used [0x0000000081800000,0x000000008324ab68,0x0000000086400000)
 Metaspace       used 58038K, capacity 60900K, committed 61000K, reserved 1101824K
  class space    used 8006K, capacity 8501K, committed 8572K, reserved 1048576K
Event: 17.598 GC heap after
Heap after GC invocations=13 (full 2):
 PSYoungGen      total 372224K, used 11865K [0x00000000d5d80000, 0x00000000f5a00000, 0x0000000100000000)
  eden space 354816K, 0% used [0x00000000d5d80000,0x00000000d5d80000,0x00000000eb800000)
  from space 17408K, 68% used [0x00000000eb800000,0x00000000ec3967c0,0x00000000ec900000)
  to   space 17920K, 0% used [0x00000000f4880000,0x00000000f4880000,0x00000000f5a00000)
 ParOldGen       total 77824K, used 32061K [0x0000000081800000, 0x0000000086400000, 0x00000000d5d80000)
  object space 77824K, 41% used [0x0000000081800000,0x000000008374f7e0,0x0000000086400000)
 Metaspace       used 58038K, capacity 60900K, committed 61000K, reserved 1101824K
  class space    used 8006K, capacity 8501K, committed 8572K, reserved 1048576K
}
Event: 17.598 GC heap before
{Heap before GC invocations=14 (full 3):
 PSYoungGen      total 372224K, used 11865K [0x00000000d5d80000, 0x00000000f5a00000, 0x0000000100000000)
  eden space 354816K, 0% used [0x00000000d5d80000,0x00000000d5d80000,0x00000000eb800000)
  from space 17408K, 68% used [0x00000000eb800000,0x00000000ec3967c0,0x00000000ec900000)
  to   space 17920K, 0% used [0x00000000f4880000,0x00000000f4880000,0x00000000f5a00000)
 ParOldGen       total 77824K, used 32061K [0x0000000081800000, 0x0000000086400000, 0x00000000d5d80000)
  object space 77824K, 41% used [0x0000000081800000,0x000000008374f7e0,0x0000000086400000)
 Metaspace       used 58038K, capacity 60900K, committed 61000K, reserved 1101824K
  class space    used 8006K, capacity 8501K, committed 8572K, reserved 1048576K
Event: 17.783 GC heap after
Heap after GC invocations=14 (full 3):
 PSYoungGen      total 372224K, used 0K [0x00000000d5d80000, 0x00000000f5a00000, 0x0000000100000000)
  eden space 354816K, 0% used [0x00000000d5d80000,0x00000000d5d80000,0x00000000eb800000)
  from space 17408K, 0% used [0x00000000eb800000,0x00000000eb800000,0x00000000ec900000)
  to   space 17920K, 0% used [0x00000000f4880000,0x00000000f4880000,0x00000000f5a00000)
 ParOldGen       total 98816K, used 30977K [0x0000000081800000, 0x0000000087880000, 0x00000000d5d80000)
  object space 98816K, 31% used [0x0000000081800000,0x0000000083640588,0x0000000087880000)
 Metaspace       used 58034K, capacity 60888K, committed 61000K, reserved 1101824K
  class space    used 8005K, capacity 8499K, committed 8572K, reserved 1048576K
}

