# JRE version: Java(TM) SE Runtime Environment (8.0_201-b09) (build 1.8.0_201-b09)
# Java VM: Java HotSpot(TM) 64-Bit Server VM (25.201-b09 mixed mode windows-amd64 compressed oops)
Heap:
 PSYoungGen      total 374272K, used 60975K [0x00000000d5d80000, 0x00000000f0600000, 0x0000000100000000)
  eden space 356864K, 17% used [0x00000000d5d80000,0x00000000d990bdb8,0x00000000eba00000)
  from space 17408K, 0% used [0x00000000eba00000,0x00000000eba00000,0x00000000ecb00000)
  to   space 19456K, 0% used [0x00000000ef300000,0x00000000ef300000,0x00000000f0600000)
 ParOldGen       total 127488K, used 31719K [0x0000000081800000, 0x0000000089480000, 0x00000000d5d80000)
  object space 127488K, 24% used [0x0000000081800000,0x00000000836f9c00,0x0000000089480000)
 Metaspace       used 57992K, capacity 60970K, committed 61080K, reserved 1101824K
  class space    used 8028K, capacity 8540K, committed 8624K, reserved 1048576K
GC Heap History (10 events):
Event: 8.261 GC heap before
{Heap before GC invocations=8 (full 1):
 PSYoungGen      total 230400K, used 95064K [0x00000000d5d80000, 0x00000000e4e00000, 0x0000000100000000)
  eden space 219648K, 38% used [0x00000000d5d80000,0x00000000dafd8bb8,0x00000000e3400000)
  from space 10752K, 99% used [0x00000000e4200000,0x00000000e4c7d5d0,0x00000000e4c80000)
  to   space 13312K, 0% used [0x00000000e3400000,0x00000000e3400000,0x00000000e4100000)
 ParOldGen       total 56832K, used 13406K [0x0000000081800000, 0x0000000084f80000, 0x00000000d5d80000)
  object space 56832K, 23% used [0x0000000081800000,0x0000000082517af0,0x0000000084f80000)
 Metaspace       used 33807K, capacity 35456K, committed 35496K, reserved 1079296K
  class space    used 4453K, capacity 4784K, committed 4784K, reserved 1048576K
Event: 8.277 GC heap after
Heap after GC invocations=8 (full 1):
 PSYoungGen      total 232960K, used 12657K [0x00000000d5d80000, 0x00000000edc00000, 0x0000000100000000)
  eden space 219648K, 0% used [0x00000000d5d80000,0x00000000d5d80000,0x00000000e3400000)
  from space 13312K, 95% used [0x00000000e3400000,0x00000000e405c480,0x00000000e4100000)
  to   space 14848K, 0% used [0x00000000ecd80000,0x00000000ecd80000,0x00000000edc00000)
 ParOldGen       total 56832K, used 13414K [0x0000000081800000, 0x0000000084f80000, 0x00000000d5d80000)
  object space 56832K, 23% used [0x0000000081800000,0x0000000082519af0,0x0000000084f80000)
 Metaspace       used 33807K, capacity 35456K, committed 35496K, reserved 1079296K
  class space    used 4453K, capacity 4784K, committed 4784K, reserved 1048576K
}
Event: 8.277 GC heap before
{Heap before GC invocations=9 (full 2):
 PSYoungGen      total 232960K, used 12657K [0x00000000d5d80000, 0x00000000edc00000, 0x0000000100000000)
  eden space 219648K, 0% used [0x00000000d5d80000,0x00000000d5d80000,0x00000000e3400000)
  from space 13312K, 95% used [0x00000000e3400000,0x00000000e405c480,0x00000000e4100000)
  to   space 14848K, 0% used [0x00000000ecd80000,0x00000000ecd80000,0x00000000edc00000)
 ParOldGen       total 56832K, used 13414K [0x0000000081800000, 0x0000000084f80000, 0x00000000d5d80000)
  object space 56832K, 23% used [0x0000000081800000,0x0000000082519af0,0x0000000084f80000)
 Metaspace       used 33807K, capacity 35456K, committed 35496K, reserved 1079296K
  class space    used 4453K, capacity 4784K, committed 4784K, reserved 1048576K
Event: 8.372 GC heap after
Heap after GC invocations=9 (full 2):
 PSYoungGen      total 232960K, used 0K [0x00000000d5d80000, 0x00000000edc00000, 0x0000000100000000)
  eden space 219648K, 0% used [0x00000000d5d80000,0x00000000d5d80000,0x00000000e3400000)
  from space 13312K, 0% used [0x00000000e3400000,0x00000000e3400000,0x00000000e4100000)
  to   space 14848K, 0% used [0x00000000ecd80000,0x00000000ecd80000,0x00000000edc00000)
 ParOldGen       total 88576K, used 18677K [0x0000000081800000, 0x0000000086e80000, 0x00000000d5d80000)
  object space 88576K, 21% used [0x0000000081800000,0x0000000082a3d500,0x0000000086e80000)
 Metaspace       used 33807K, capacity 35456K, committed 35496K, reserved 1079296K
  class space    used 4453K, capacity 4784K, committed 4784K, reserved 1048576K
}
Event: 11.152 GC heap before
{Heap before GC invocations=10 (full 2):
 PSYoungGen      total 232960K, used 219648K [0x00000000d5d80000, 0x00000000edc00000, 0x0000000100000000)
  eden space 219648K, 100% used [0x00000000d5d80000,0x00000000e3400000,0x00000000e3400000)
  from space 13312K, 0% used [0x00000000e3400000,0x00000000e3400000,0x00000000e4100000)
  to   space 14848K, 0% used [0x00000000ecd80000,0x00000000ecd80000,0x00000000edc00000)
 ParOldGen       total 88576K, used 18677K [0x0000000081800000, 0x0000000086e80000, 0x00000000d5d80000)
  object space 88576K, 21% used [0x0000000081800000,0x0000000082a3d500,0x0000000086e80000)
 Metaspace       used 47966K, capacity 49826K, committed 50216K, reserved 1093632K
  class space    used 6575K, capacity 6935K, committed 6960K, reserved 1048576K
Event: 11.168 GC heap after
Heap after GC invocations=10 (full 2):
 PSYoungGen      total 332800K, used 14831K [0x00000000d5d80000, 0x00000000edc00000, 0x0000000100000000)
  eden space 317952K, 0% used [0x00000000d5d80000,0x00000000d5d80000,0x00000000e9400000)
  from space 14848K, 99% used [0x00000000ecd80000,0x00000000edbfbd80,0x00000000edc00000)
  to   space 17408K, 0% used [0x00000000eba00000,0x00000000eba00000,0x00000000ecb00000)
 ParOldGen       total 88576K, used 19797K [0x0000000081800000, 0x0000000086e80000, 0x00000000d5d80000)
  object space 88576K, 22% used [0x0000000081800000,0x0000000082b557d0,0x0000000086e80000)
 Metaspace       used 47966K, capacity 49826K, committed 50216K, reserved 1093632K
  class space    used 6575K, capacity 6935K, committed 6960K, reserved 1048576K
}
Event: 13.957 GC heap before
{Heap before GC invocations=11 (full 2):
 PSYoungGen      total 332800K, used 208073K [0x00000000d5d80000, 0x00000000edc00000, 0x0000000100000000)
  eden space 317952K, 60% used [0x00000000d5d80000,0x00000000e1a369a8,0x00000000e9400000)
  from space 14848K, 99% used [0x00000000ecd80000,0x00000000edbfbd80,0x00000000edc00000)
  to   space 17408K, 0% used [0x00000000eba00000,0x00000000eba00000,0x00000000ecb00000)
 ParOldGen       total 88576K, used 19797K [0x0000000081800000, 0x0000000086e80000, 0x00000000d5d80000)
  object space 88576K, 22% used [0x0000000081800000,0x0000000082b557d0,0x0000000086e80000)
 Metaspace       used 56165K, capacity 58956K, committed 59160K, reserved 1099776K
  class space    used 7756K, capacity 8239K, committed 8240K, reserved 1048576K
Event: 13.977 GC heap after
Heap after GC invocations=11 (full 2):
 PSYoungGen      total 374272K, used 17404K [0x00000000d5d80000, 0x00000000f0600000, 0x0000000100000000)
  eden space 356864K, 0% used [0x00000000d5d80000,0x00000000d5d80000,0x00000000eba00000)
  from space 17408K, 99% used [0x00000000eba00000,0x00000000ecaff2d8,0x00000000ecb00000)
  to   space 19456K, 0% used [0x00000000ef300000,0x00000000ef300000,0x00000000f0600000)
 ParOldGen       total 88576K, used 19927K [0x0000000081800000, 0x0000000086e80000, 0x00000000d5d80000)
  object space 88576K, 22% used [0x0000000081800000,0x0000000082b75e20,0x0000000086e80000)
 Metaspace       used 56165K, capacity 58956K, committed 59160K, reserved 1099776K
  class space    used 7756K, capacity 8239K, committed 8240K, reserved 1048576K
}
Event: 13.977 GC heap before
{Heap before GC invocations=12 (full 3):
 PSYoungGen      total 374272K, used 17404K [0x00000000d5d80000, 0x00000000f0600000, 0x0000000100000000)
  eden space 356864K, 0% used [0x00000000d5d80000,0x00000000d5d80000,0x00000000eba00000)
  from space 17408K, 99% used [0x00000000eba00000,0x00000000ecaff2d8,0x00000000ecb00000)
  to   space 19456K, 0% used [0x00000000ef300000,0x00000000ef300000,0x00000000f0600000)
 ParOldGen       total 88576K, used 19927K [0x0000000081800000, 0x0000000086e80000, 0x00000000d5d80000)
  object space 88576K, 22% used [0x0000000081800000,0x0000000082b75e20,0x0000000086e80000)
 Metaspace       used 56165K, capacity 58956K, committed 59160K, reserved 1099776K
  class space    used 7756K, capacity 8239K, committed 8240K, reserved 1048576K
Event: 14.232 GC heap after
Heap after GC invocations=12 (full 3):
 PSYoungGen      total 374272K, used 0K [0x00000000d5d80000, 0x00000000f0600000, 0x0000000100000000)
  eden space 356864K, 0% used [0x00000000d5d80000,0x00000000d5d80000,0x00000000eba00000)
  from space 17408K, 0% used [0x00000000eba00000,0x00000000eba00000,0x00000000ecb00000)
  to   space 19456K, 0% used [0x00000000ef300000,0x00000000ef300000,0x00000000f0600000)
 ParOldGen       total 127488K, used 31719K [0x0000000081800000, 0x0000000089480000, 0x00000000d5d80000)
  object space 127488K, 24% used [0x0000000081800000,0x00000000836f9c00,0x0000000089480000)
 Metaspace       used 56165K, capacity 58956K, committed 59160K, reserved 1099776K
  class space    used 7756K, capacity 8239K, committed 8240K, reserved 1048576K
}

